[debug] [2026-04-20T09:12:03.154Z] ----------------------------------------------------------------------
[debug] [2026-04-20T09:12:03.156Z] Command:       C:\Program Files\nodejs\node.exe C:\Users\omari\AppData\Roaming\npm\node_modules\firebase-tools\lib\bin\firebase.js hosting:channel:deploy live --project studio-3228592052-d52e3
[debug] [2026-04-20T09:12:03.156Z] CLI Version:   15.15.0
[debug] [2026-04-20T09:12:03.156Z] Platform:      win32
[debug] [2026-04-20T09:12:03.157Z] Node Version:  v25.9.0
[debug] [2026-04-20T09:12:03.157Z] Time:          Mon Apr 20 2026 11:12:03 GMT+0200 (sentraleuropeisk sommertid)
[debug] [2026-04-20T09:12:03.157Z] ----------------------------------------------------------------------
[debug] 
[debug] [2026-04-20T09:12:03.158Z] >>> [apiv2][query] GET https://firebase-public.firebaseio.com/cli.json [none]
[debug] [2026-04-20T09:12:04.397Z] > command requires scopes: ["email","openid","https://www.googleapis.com/auth/cloudplatformprojects.readonly","https://www.googleapis.com/auth/firebase","https://www.googleapis.com/auth/cloud-platform"]
[debug] [2026-04-20T09:12:04.397Z] > authorizing via signed-in user (omar1490@gmail.com)
[debug] [2026-04-20T09:12:04.397Z] [iam] checking project studio-3228592052-d52e3 for permissions ["firebase.projects.get","firebasehosting.sites.update"]
[debug] [2026-04-20T09:12:04.398Z] Checked if tokens are valid: true, expires at: 1776679757909
[debug] [2026-04-20T09:12:04.398Z] Checked if tokens are valid: true, expires at: 1776679757909
[debug] [2026-04-20T09:12:04.398Z] >>> [apiv2][query] POST https://cloudresourcemanager.googleapis.com/v1/projects/studio-3228592052-d52e3:testIamPermissions [none]
[debug] [2026-04-20T09:12:04.398Z] >>> [apiv2][(partial)header] POST https://cloudresourcemanager.googleapis.com/v1/projects/studio-3228592052-d52e3:testIamPermissions  x-goog-user-project=studio-3228592052-d52e3
[debug] [2026-04-20T09:12:04.398Z] >>> [apiv2][body] POST https://cloudresourcemanager.googleapis.com/v1/projects/studio-3228592052-d52e3:testIamPermissions {"permissions":["firebase.projects.get","firebasehosting.sites.update"]}
[debug] [2026-04-20T09:12:04.486Z] *** [apiv2] error from fetch(https://cloudresourcemanager.googleapis.com/v1/projects/studio-3228592052-d52e3:testIamPermissions, {"headers":{},"method":"POST","body":"{\"permissions\":[\"firebase.projects.get\",\"firebasehosting.sites.update\"]}"}): FetchError: request to https://cloudresourcemanager.googleapis.com/v1/projects/studio-3228592052-d52e3:testIamPermissions failed, reason: self-signed certificate in certificate chain
[debug] [2026-04-20T09:12:04.487Z] [iam] error while checking permissions, command may fail: Failed to make request to https://cloudresourcemanager.googleapis.com/v1/projects/studio-3228592052-d52e3:testIamPermissions
[debug] [2026-04-20T09:12:04.487Z] Checked if tokens are valid: true, expires at: 1776679757909
[debug] [2026-04-20T09:12:04.487Z] Checked if tokens are valid: true, expires at: 1776679757909
[debug] [2026-04-20T09:12:04.487Z] >>> [apiv2][query] GET https://firebase.googleapis.com/v1beta1/projects/studio-3228592052-d52e3 [none]
[debug] [2026-04-20T09:12:04.564Z] *** [apiv2] error from fetch(https://firebase.googleapis.com/v1beta1/projects/studio-3228592052-d52e3, {"headers":{},"method":"GET","signal":{"reason":""}}): FetchError: request to https://firebase.googleapis.com/v1beta1/projects/studio-3228592052-d52e3 failed, reason: self-signed certificate in certificate chain
[debug] [2026-04-20T09:12:04.565Z] Failed to make request to https://firebase.googleapis.com/v1beta1/projects/studio-3228592052-d52e3 (original: request to https://firebase.googleapis.com/v1beta1/projects/studio-3228592052-d52e3 failed, reason: self-signed certificate in certificate chain)
[debug] [2026-04-20T09:12:04.627Z] FirebaseError: Failed to make request to https://firebase.googleapis.com/v1beta1/projects/studio-3228592052-d52e3
    at RetryOperation._fn (C:\Users\omari\AppData\Roaming\npm\node_modules\firebase-tools\lib\apiv2.js:282:31)
    at process.processTicksAndRejections (node:internal/process/task_queues:104:5)
[error] 
[error] Error: Failed to get Firebase project studio-3228592052-d52e3. Please make sure the project exists and your account has permission to access it.
[debug] [2026-04-20T09:12:04.720Z] *** [apiv2] error from fetch(https://firebase-public.firebaseio.com/cli.json, {"headers":{},"method":"GET"}): FetchError: request to https://firebase-public.firebaseio.com/cli.json failed, reason: self-signed certificate in certificate chain
[warn] !  Unable to fetch the CLI MOTD and remote config. This is not a fatal error, but may indicate an issue with your network connection. 
[debug] [2026-04-20T09:12:04.720Z] Failed to fetch MOTD FirebaseError: Failed to make request to https://firebase-public.firebaseio.com/cli.json
